<?xml version="1.0" encoding="UTF-8"?>
<testng-results skipped="0" failed="0" total="1" passed="1">
  <reporter-output>
  </reporter-output>
  <suite name="Suite" duration-ms="59429" started-at="2014-01-22T19:25:01Z" finished-at="2014-01-22T19:26:00Z">
    <groups>
    </groups>
    <test name="Test" duration-ms="59429" started-at="2014-01-22T19:25:01Z" finished-at="2014-01-22T19:26:00Z">
      <class name="com.keyu.testng.HomePageTest">
        <test-method status="PASS" signature="beforeClass(java.lang.String, java.lang.String)[pri:0, instance:com.keyu.testng.HomePageTest@5367af]" name="beforeClass" is-config="true" duration-ms="34167" started-at="2014-01-23T03:25:01Z" finished-at="2014-01-23T03:25:35Z">
          <params>
            <param index="0">
              <value>
                <![CDATA[https://podio.com/login]]>
              </value>
            </param>
            <param index="1">
              <value>
                <![CDATA[C:/xunlei/Project/testng/Driver/chromedriver.exe]]>
              </value>
            </param>
          </params>
          <reporter-output>
          </reporter-output>
        </test-method> <!-- beforeClass -->
        <test-method status="PASS" signature="HomePage(java.lang.String, java.lang.String)[pri:0, instance:com.keyu.testng.HomePageTest@5367af]" name="HomePage" duration-ms="24119" started-at="2014-01-23T03:25:35Z" finished-at="2014-01-23T03:25:59Z">
          <params>
            <param index="0">
              <value>
                <![CDATA[ruan.keyu@gmail.com]]>
              </value>
            </param>
            <param index="1">
              <value>
                <![CDATA[k20260150]]>
              </value>
            </param>
          </params>
          <reporter-output>
          </reporter-output>
        </test-method> <!-- HomePage -->
        <test-method status="PASS" signature="afterClass()[pri:0, instance:com.keyu.testng.HomePageTest@5367af]" name="afterClass" is-config="true" duration-ms="1135" started-at="2014-01-23T03:25:59Z" finished-at="2014-01-23T03:26:00Z">
          <reporter-output>
          </reporter-output>
        </test-method> <!-- afterClass -->
      </class> <!-- com.keyu.testng.HomePageTest -->
    </test> <!-- Test -->
  </suite> <!-- Suite -->
</testng-results>
