<?xml version="1.0" encoding="UTF-8"?>
<testng-results skipped="0" failed="0" total="1" passed="1">
  <reporter-output>
    <line>
      <![CDATA[Podio login test 
]]>
    </line>
    <line>
      <![CDATA[1) Navigate to http://podio.com/login page; 
]]>
    </line>
    <line>
      <![CDATA[2) Enter valid login and password (shouldn't be hardcoded); 
]]>
    </line>
    <line>
      <![CDATA[3) Submit the form; 
]]>
    </line>
    <line>
      <![CDATA[4) Verify that you're successfully logged in; 
]]>
    </line>
    <line>
      <![CDATA[5) Verify that posts in Activity stream block are loaded. 
]]>
    </line>
  </reporter-output>
  <suite name="Default suite" duration-ms="58138" started-at="2014-01-22T19:23:16Z" finished-at="2014-01-22T19:24:15Z">
    <groups>
    </groups>
    <test name="Default test" duration-ms="58138" started-at="2014-01-22T19:23:16Z" finished-at="2014-01-22T19:24:15Z">
      <class name="com.keyu.testng.HomePageTest">
        <test-method status="PASS" signature="beforeClass(java.lang.String, java.lang.String)[pri:0, instance:com.keyu.testng.HomePageTest@10bb83e]" name="beforeClass" is-config="true" duration-ms="31532" started-at="2014-01-23T03:23:16Z" finished-at="2014-01-23T03:23:48Z">
          <params>
            <param index="0">
              <value>
                <![CDATA[https://podio.com/login]]>
              </value>
            </param>
            <param index="1">
              <value>
                <![CDATA[C:/xunlei/Project/testng/Driver/chromedriver.exe]]>
              </value>
            </param>
          </params>
          <reporter-output>
          </reporter-output>
        </test-method> <!-- beforeClass -->
        <test-method status="PASS" signature="HomePage(java.lang.String, java.lang.String)[pri:0, instance:com.keyu.testng.HomePageTest@10bb83e]" name="HomePage" duration-ms="25442" started-at="2014-01-23T03:23:48Z" finished-at="2014-01-23T03:24:13Z">
          <params>
            <param index="0">
              <value>
                <![CDATA[ruan.keyu@gmail.com]]>
              </value>
            </param>
            <param index="1">
              <value>
                <![CDATA[k20260150]]>
              </value>
            </param>
          </params>
          <reporter-output>
            <line>
              <![CDATA[Podio login test 
]]>
            </line>
            <line>
              <![CDATA[1) Navigate to http://podio.com/login page; 
]]>
            </line>
            <line>
              <![CDATA[2) Enter valid login and password (shouldn't be hardcoded); 
]]>
            </line>
            <line>
              <![CDATA[3) Submit the form; 
]]>
            </line>
            <line>
              <![CDATA[4) Verify that you're successfully logged in; 
]]>
            </line>
            <line>
              <![CDATA[5) Verify that posts in Activity stream block are loaded. 
]]>
            </line>
          </reporter-output>
        </test-method> <!-- HomePage -->
        <test-method status="PASS" signature="afterClass()[pri:0, instance:com.keyu.testng.HomePageTest@10bb83e]" name="afterClass" is-config="true" duration-ms="1147" started-at="2014-01-23T03:24:13Z" finished-at="2014-01-23T03:24:15Z">
          <reporter-output>
          </reporter-output>
        </test-method> <!-- afterClass -->
      </class> <!-- com.keyu.testng.HomePageTest -->
    </test> <!-- Default test -->
  </suite> <!-- Default suite -->
</testng-results>
